<?xml version="1.0" encoding="UTF-8"?>
<testsuite name="com.example.fullstackbackend.FullstackBackendApplicationTests" tests="1" skipped="0" failures="0" errors="0" timestamp="2023-12-21T18:32:20" hostname="Elzbietas-MBP" time="0.919">
  <properties/>
  <testcase name="contextLoads()" classname="com.example.fullstackbackend.FullstackBackendApplicationTests" time="0.919"/>
  <system-out><![CDATA[19:32:17.736 [Test worker] INFO org.springframework.test.context.support.AnnotationConfigContextLoaderUtils -- Could not detect default configuration classes for test class [com.example.fullstackbackend.FullstackBackendApplicationTests]: FullstackBackendApplicationTests does not declare any static, non-private, non-final, nested classes annotated with @Configuration.
19:32:17.822 [Test worker] INFO org.springframework.boot.test.context.SpringBootTestContextBootstrapper -- Found @SpringBootConfiguration com.example.fullstackbackend.FullstackBackendApplication for test class com.example.fullstackbackend.FullstackBackendApplicationTests

  .   ____          _            __ _ _
 /\\ / ___'_ __ _ _(_)_ __  __ _ \ \ \ \
( ( )\___ | '_ | '_| | '_ \/ _` | \ \ \ \
 \\/  ___)| |_)| | | | | || (_| |  ) ) ) )
  '  |____| .__|_| |_|_| |_\__, | / / / /
 =========|_|==============|___/=/_/_/_/
 :: Spring Boot ::                (v3.2.0)

2023-12-21T19:32:18.275+01:00  INFO 51682 --- [    Test worker] c.e.f.FullstackBackendApplicationTests   : Starting FullstackBackendApplicationTests using Java 20.0.1 with PID 51682 (started by maks in /Users/maks/repos/full-stack-praca/fullstack-backend)
2023-12-21T19:32:18.278+01:00  INFO 51682 --- [    Test worker] c.e.f.FullstackBackendApplicationTests   : No active profile set, falling back to 1 default profile: "default"
2023-12-21T19:32:18.800+01:00  INFO 51682 --- [    Test worker] .s.d.r.c.RepositoryConfigurationDelegate : Bootstrapping Spring Data JDBC repositories in DEFAULT mode.
2023-12-21T19:32:18.816+01:00  INFO 51682 --- [    Test worker] .s.d.r.c.RepositoryConfigurationDelegate : Finished Spring Data repository scanning in 12 ms. Found 0 JDBC repository interfaces.
2023-12-21T19:32:19.639+01:00  INFO 51682 --- [    Test worker] com.zaxxer.hikari.HikariDataSource       : HikariPool-1 - Starting...
2023-12-21T19:32:19.931+01:00  INFO 51682 --- [    Test worker] com.zaxxer.hikari.pool.HikariPool        : HikariPool-1 - Added connection org.postgresql.jdbc.PgConnection@21002393
2023-12-21T19:32:19.932+01:00  INFO 51682 --- [    Test worker] com.zaxxer.hikari.HikariDataSource       : HikariPool-1 - Start completed.
2023-12-21T19:32:20.111+01:00  INFO 51682 --- [    Test worker] c.e.f.FullstackBackendApplicationTests   : Started FullstackBackendApplicationTests in 2.158 seconds (process running for 3.37)
]]></system-out>
  <system-err><![CDATA[]]></system-err>
</testsuite>
